c:\dev\statki\statki\x64\debug\vc143.pdb
c:\dev\statki\statki\x64\debug\vc143.idb
c:\dev\statki\statki\x64\debug\statki.obj
c:\dev\statki\statki\x64\debug\shot.obj
c:\dev\statki\statki\x64\debug\player.obj
c:\dev\statki\statki\x64\debug\humanplayer.obj
c:\dev\statki\statki\x64\debug\computerplayer.obj
c:\dev\statki\statki\x64\debug\board.obj
c:\dev\statki\x64\debug\statki.pdb
c:\dev\statki\statki\x64\debug\statki.tlog\cl.command.1.tlog
c:\dev\statki\statki\x64\debug\statki.tlog\cl.read.1.tlog
c:\dev\statki\statki\x64\debug\statki.tlog\cl.write.1.tlog
c:\dev\statki\statki\x64\debug\statki.tlog\link-cvtres.read.1.tlog
c:\dev\statki\statki\x64\debug\statki.tlog\link-cvtres.write.1.tlog
c:\dev\statki\statki\x64\debug\statki.tlog\link-rc.read.1.tlog
c:\dev\statki\statki\x64\debug\statki.tlog\link-rc.write.1.tlog
c:\dev\statki\statki\x64\debug\statki.tlog\link.command.1.tlog
c:\dev\statki\statki\x64\debug\statki.tlog\link.read.1.tlog
c:\dev\statki\statki\x64\debug\statki.tlog\link.read.2.tlog
c:\dev\statki\statki\x64\debug\statki.tlog\link.write.1.tlog
